<?xml version="1.0" encoding="UTF-8"?>
<!-- Generated by org.testng.reporters.JUnitReportReporter -->
<testsuite hostname="Kareem" failures="0" tests="6" name="MyTestCases" time="19.320" errors="0" timestamp="2025-11-26T12:21:58 EET" skipped="0">
  <testcase classname="MyTestCases" name="AddNewRecord" time="0.077"/>
  <testcase classname="MyTestCases" name="updateData" time="0.014"/>
  <testcase classname="MyTestCases" name="ReadData" time="0.150"/>
  <testcase classname="MyTestCases" name="deleteData" time="0.310"/>
  <testcase classname="MyTestCases" name="SignupTest" time="15.253"/>
  <testcase classname="MyTestCases" name="LogoutTest" time="3.516"/>
</testsuite> <!-- MyTestCases -->
